# JRE version: Java(TM) SE Runtime Environment (8.0_201-b09) (build 1.8.0_201-b09)
# Java VM: Java HotSpot(TM) 64-Bit Server VM (25.201-b09 mixed mode windows-amd64 compressed oops)
Heap:
 PSYoungGen      total 61952K, used 3971K [0x00000000d5d00000, 0x00000000da800000, 0x0000000100000000)
  eden space 56832K, 6% used [0x00000000d5d00000,0x00000000d60e0d60,0x00000000d9480000)
  from space 5120K, 0% used [0x00000000d9e00000,0x00000000d9e00000,0x00000000da300000)
  to   space 5120K, 0% used [0x00000000da300000,0x00000000da300000,0x00000000da800000)
 ParOldGen       total 136704K, used 54664K [0x0000000081600000, 0x0000000089b80000, 0x00000000d5d00000)
  object space 136704K, 39% used [0x0000000081600000,0x0000000084b62080,0x0000000089b80000)
 Metaspace       used 34560K, capacity 36034K, committed 36136K, reserved 1081344K
  class space    used 4804K, capacity 5096K, committed 5160K, reserved 1048576K
GC Heap History (10 events):
Event: 4.441 GC heap before
{Heap before GC invocations=3 (full 0):
 PSYoungGen      total 38400K, used 28443K [0x00000000d5d00000, 0x00000000d8780000, 0x0000000100000000)
  eden space 33280K, 70% used [0x00000000d5d00000,0x00000000d73cbdb8,0x00000000d7d80000)
  from space 5120K, 99% used [0x00000000d8280000,0x00000000d877b138,0x00000000d8780000)
  to   space 5120K, 0% used [0x00000000d7d80000,0x00000000d7d80000,0x00000000d8280000)
 ParOldGen       total 87552K, used 39901K [0x0000000081600000, 0x0000000086b80000, 0x00000000d5d00000)
  object space 87552K, 45% used [0x0000000081600000,0x0000000083cf7410,0x0000000086b80000)
 Metaspace       used 20426K, capacity 21200K, committed 21296K, reserved 1067008K
  class space    used 2999K, capacity 3189K, committed 3200K, reserved 1048576K
Event: 4.446 GC heap after
Heap after GC invocations=3 (full 0):
 PSYoungGen      total 38400K, used 5109K [0x00000000d5d00000, 0x00000000da800000, 0x0000000100000000)
  eden space 33280K, 0% used [0x00000000d5d00000,0x00000000d5d00000,0x00000000d7d80000)
  from space 5120K, 99% used [0x00000000d7d80000,0x00000000d827d520,0x00000000d8280000)
  to   space 5120K, 0% used [0x00000000da300000,0x00000000da300000,0x00000000da800000)
 ParOldGen       total 87552K, used 43279K [0x0000000081600000, 0x0000000086b80000, 0x00000000d5d00000)
  object space 87552K, 49% used [0x0000000081600000,0x0000000084043cb0,0x0000000086b80000)
 Metaspace       used 20426K, capacity 21200K, committed 21296K, reserved 1067008K
  class space    used 2999K, capacity 3189K, committed 3200K, reserved 1048576K
}
Event: 4.446 GC heap before
{Heap before GC invocations=4 (full 1):
 PSYoungGen      total 38400K, used 5109K [0x00000000d5d00000, 0x00000000da800000, 0x0000000100000000)
  eden space 33280K, 0% used [0x00000000d5d00000,0x00000000d5d00000,0x00000000d7d80000)
  from space 5120K, 99% used [0x00000000d7d80000,0x00000000d827d520,0x00000000d8280000)
  to   space 5120K, 0% used [0x00000000da300000,0x00000000da300000,0x00000000da800000)
 ParOldGen       total 87552K, used 43279K [0x0000000081600000, 0x0000000086b80000, 0x00000000d5d00000)
  object space 87552K, 49% used [0x0000000081600000,0x0000000084043cb0,0x0000000086b80000)
 Metaspace       used 20426K, capacity 21200K, committed 21296K, reserved 1067008K
  class space    used 2999K, capacity 3189K, committed 3200K, reserved 1048576K
Event: 4.467 GC heap after
Heap after GC invocations=4 (full 1):
 PSYoungGen      total 38400K, used 0K [0x00000000d5d00000, 0x00000000da800000, 0x0000000100000000)
  eden space 33280K, 0% used [0x00000000d5d00000,0x00000000d5d00000,0x00000000d7d80000)
  from space 5120K, 0% used [0x00000000d7d80000,0x00000000d7d80000,0x00000000d8280000)
  to   space 5120K, 0% used [0x00000000da300000,0x00000000da300000,0x00000000da800000)
 ParOldGen       total 116224K, used 46066K [0x0000000081600000, 0x0000000088780000, 0x00000000d5d00000)
  object space 116224K, 39% used [0x0000000081600000,0x00000000842fc848,0x0000000088780000)
 Metaspace       used 20426K, capacity 21200K, committed 21296K, reserved 1067008K
  class space    used 2999K, capacity 3189K, committed 3200K, reserved 1048576K
}
Event: 5.061 GC heap before
{Heap before GC invocations=5 (full 1):
 PSYoungGen      total 38400K, used 33280K [0x00000000d5d00000, 0x00000000da800000, 0x0000000100000000)
  eden space 33280K, 100% used [0x00000000d5d00000,0x00000000d7d80000,0x00000000d7d80000)
  from space 5120K, 0% used [0x00000000d7d80000,0x00000000d7d80000,0x00000000d8280000)
  to   space 5120K, 0% used [0x00000000da300000,0x00000000da300000,0x00000000da800000)
 ParOldGen       total 116224K, used 46066K [0x0000000081600000, 0x0000000088780000, 0x00000000d5d00000)
  object space 116224K, 39% used [0x0000000081600000,0x00000000842fc848,0x0000000088780000)
 Metaspace       used 27736K, capacity 28588K, committed 28672K, reserved 1073152K
  class space    used 3846K, capacity 4063K, committed 4096K, reserved 1048576K
Event: 5.067 GC heap after
Heap after GC invocations=5 (full 1):
 PSYoungGen      total 61952K, used 5115K [0x00000000d5d00000, 0x00000000da800000, 0x0000000100000000)
  eden space 56832K, 0% used [0x00000000d5d00000,0x00000000d5d00000,0x00000000d9480000)
  from space 5120K, 99% used [0x00000000da300000,0x00000000da7fed20,0x00000000da800000)
  to   space 5120K, 0% used [0x00000000d9e00000,0x00000000d9e00000,0x00000000da300000)
 ParOldGen       total 116224K, used 48350K [0x0000000081600000, 0x0000000088780000, 0x00000000d5d00000)
  object space 116224K, 41% used [0x0000000081600000,0x0000000084537980,0x0000000088780000)
 Metaspace       used 27736K, capacity 28588K, committed 28672K, reserved 1073152K
  class space    used 3846K, capacity 4063K, committed 4096K, reserved 1048576K
}
Event: 10.895 GC heap before
{Heap before GC invocations=6 (full 1):
 PSYoungGen      total 61952K, used 47479K [0x00000000d5d00000, 0x00000000da800000, 0x0000000100000000)
  eden space 56832K, 74% used [0x00000000d5d00000,0x00000000d865f1b8,0x00000000d9480000)
  from space 5120K, 99% used [0x00000000da300000,0x00000000da7fed20,0x00000000da800000)
  to   space 5120K, 0% used [0x00000000d9e00000,0x00000000d9e00000,0x00000000da300000)
 ParOldGen       total 116224K, used 48350K [0x0000000081600000, 0x0000000088780000, 0x00000000d5d00000)
  object space 116224K, 41% used [0x0000000081600000,0x0000000084537980,0x0000000088780000)
 Metaspace       used 34144K, capacity 35424K, committed 35496K, reserved 1079296K
  class space    used 4729K, capacity 4995K, committed 5032K, reserved 1048576K
Event: 10.901 GC heap after
Heap after GC invocations=6 (full 1):
 PSYoungGen      total 61952K, used 5104K [0x00000000d5d00000, 0x00000000da800000, 0x0000000100000000)
  eden space 56832K, 0% used [0x00000000d5d00000,0x00000000d5d00000,0x00000000d9480000)
  from space 5120K, 99% used [0x00000000d9e00000,0x00000000da2fc240,0x00000000da300000)
  to   space 5120K, 0% used [0x00000000da300000,0x00000000da300000,0x00000000da800000)
 ParOldGen       total 116224K, used 54443K [0x0000000081600000, 0x0000000088780000, 0x00000000d5d00000)
  object space 116224K, 46% used [0x0000000081600000,0x0000000084b2acb0,0x0000000088780000)
 Metaspace       used 34144K, capacity 35424K, committed 35496K, reserved 1079296K
  class space    used 4729K, capacity 4995K, committed 5032K, reserved 1048576K
}
Event: 10.901 GC heap before
{Heap before GC invocations=7 (full 2):
 PSYoungGen      total 61952K, used 5104K [0x00000000d5d00000, 0x00000000da800000, 0x0000000100000000)
  eden space 56832K, 0% used [0x00000000d5d00000,0x00000000d5d00000,0x00000000d9480000)
  from space 5120K, 99% used [0x00000000d9e00000,0x00000000da2fc240,0x00000000da300000)
  to   space 5120K, 0% used [0x00000000da300000,0x00000000da300000,0x00000000da800000)
 ParOldGen       total 116224K, used 54443K [0x0000000081600000, 0x0000000088780000, 0x00000000d5d00000)
  object space 116224K, 46% used [0x0000000081600000,0x0000000084b2acb0,0x0000000088780000)
 Metaspace       used 34144K, capacity 35424K, committed 35496K, reserved 1079296K
  class space    used 4729K, capacity 4995K, committed 5032K, reserved 1048576K
Event: 10.939 GC heap after
Heap after GC invocations=7 (full 2):
 PSYoungGen      total 61952K, used 0K [0x00000000d5d00000, 0x00000000da800000, 0x0000000100000000)
  eden space 56832K, 0% used [0x00000000d5d00000,0x00000000d5d00000,0x00000000d9480000)
  from space 5120K, 0% used [0x00000000d9e00000,0x00000000d9e00000,0x00000000da300000)
  to   space 5120K, 0% used [0x00000000da300000,0x00000000da300000,0x00000000da800000)
 ParOldGen       total 136704K, used 54664K [0x0000000081600000, 0x0000000089b80000, 0x00000000d5d00000)
  object space 136704K, 39% used [0x0000000081600000,0x0000000084b62080,0x0000000089b80000)
 Metaspace       used 34144K, capacity 35424K, committed 35496K, reserved 1079296K
  class space    used 4729K, capacity 4995K, committed 5032K, reserved 1048576K
}

