# JRE version: Java(TM) SE Runtime Environment (8.0_201-b09) (build 1.8.0_201-b09)
# Java VM: Java HotSpot(TM) 64-Bit Server VM (25.201-b09 mixed mode windows-amd64 compressed oops)
Heap:
 PSYoungGen      total 64000K, used 37551K [0x00000000d5d00000, 0x00000000da800000, 0x0000000100000000)
  eden space 58880K, 55% used [0x00000000d5d00000,0x00000000d7cadfc0,0x00000000d9680000)
  from space 5120K, 99% used [0x00000000da300000,0x00000000da7fdf58,0x00000000da800000)
  to   space 5120K, 0% used [0x00000000d9e00000,0x00000000d9e00000,0x00000000da300000)
 ParOldGen       total 114176K, used 48132K [0x0000000081600000, 0x0000000088580000, 0x00000000d5d00000)
  object space 114176K, 42% used [0x0000000081600000,0x0000000084501398,0x0000000088580000)
 Metaspace       used 32564K, capacity 33726K, committed 33920K, reserved 1079296K
  class space    used 4495K, capacity 4720K, committed 4736K, reserved 1048576K
GC Heap History (10 events):
Event: 2.488 GC heap before
{Heap before GC invocations=1 (full 0):
 PSYoungGen      total 38400K, used 33280K [0x00000000d5d00000, 0x00000000d8780000, 0x0000000100000000)
  eden space 33280K, 100% used [0x00000000d5d00000,0x00000000d7d80000,0x00000000d7d80000)
  from space 5120K, 0% used [0x00000000d8280000,0x00000000d8280000,0x00000000d8780000)
  to   space 5120K, 0% used [0x00000000d7d80000,0x00000000d7d80000,0x00000000d8280000)
 ParOldGen       total 87552K, used 17576K [0x0000000081600000, 0x0000000086b80000, 0x00000000d5d00000)
  object space 87552K, 20% used [0x0000000081600000,0x000000008272a2e0,0x0000000086b80000)
 Metaspace       used 14949K, capacity 15584K, committed 15744K, reserved 1062912K
  class space    used 2164K, capacity 2340K, committed 2432K, reserved 1048576K
Event: 2.492 GC heap after
Heap after GC invocations=1 (full 0):
 PSYoungGen      total 38400K, used 4564K [0x00000000d5d00000, 0x00000000d8780000, 0x0000000100000000)
  eden space 33280K, 0% used [0x00000000d5d00000,0x00000000d5d00000,0x00000000d7d80000)
  from space 5120K, 89% used [0x00000000d7d80000,0x00000000d81f51d8,0x00000000d8280000)
  to   space 5120K, 0% used [0x00000000d8280000,0x00000000d8280000,0x00000000d8780000)
 ParOldGen       total 87552K, used 17656K [0x0000000081600000, 0x0000000086b80000, 0x00000000d5d00000)
  object space 87552K, 20% used [0x0000000081600000,0x000000008273e2f0,0x0000000086b80000)
 Metaspace       used 14949K, capacity 15584K, committed 15744K, reserved 1062912K
  class space    used 2164K, capacity 2340K, committed 2432K, reserved 1048576K
}
Event: 5.479 GC heap before
{Heap before GC invocations=2 (full 0):
 PSYoungGen      total 38400K, used 37841K [0x00000000d5d00000, 0x00000000d8780000, 0x0000000100000000)
  eden space 33280K, 99% used [0x00000000d5d00000,0x00000000d7d7f4b0,0x00000000d7d80000)
  from space 5120K, 89% used [0x00000000d7d80000,0x00000000d81f51d8,0x00000000d8280000)
  to   space 5120K, 0% used [0x00000000d8280000,0x00000000d8280000,0x00000000d8780000)
 ParOldGen       total 87552K, used 17656K [0x0000000081600000, 0x0000000086b80000, 0x00000000d5d00000)
  object space 87552K, 20% used [0x0000000081600000,0x000000008273e2f0,0x0000000086b80000)
 Metaspace       used 16086K, capacity 16828K, committed 16896K, reserved 1062912K
  class space    used 2343K, capacity 2543K, committed 2560K, reserved 1048576K
Event: 5.489 GC heap after
Heap after GC invocations=2 (full 0):
 PSYoungGen      total 38400K, used 5116K [0x00000000d5d00000, 0x00000000d8780000, 0x0000000100000000)
  eden space 33280K, 0% used [0x00000000d5d00000,0x00000000d5d00000,0x00000000d7d80000)
  from space 5120K, 99% used [0x00000000d8280000,0x00000000d877f190,0x00000000d8780000)
  to   space 5120K, 0% used [0x00000000d7d80000,0x00000000d7d80000,0x00000000d8280000)
 ParOldGen       total 87552K, used 39876K [0x0000000081600000, 0x0000000086b80000, 0x00000000d5d00000)
  object space 87552K, 45% used [0x0000000081600000,0x0000000083cf13a0,0x0000000086b80000)
 Metaspace       used 16086K, capacity 16828K, committed 16896K, reserved 1062912K
  class space    used 2343K, capacity 2543K, committed 2560K, reserved 1048576K
}
Event: 5.621 GC heap before
{Heap before GC invocations=3 (full 0):
 PSYoungGen      total 38400K, used 26924K [0x00000000d5d00000, 0x00000000d8780000, 0x0000000100000000)
  eden space 33280K, 65% used [0x00000000d5d00000,0x00000000d724c150,0x00000000d7d80000)
  from space 5120K, 99% used [0x00000000d8280000,0x00000000d877f190,0x00000000d8780000)
  to   space 5120K, 0% used [0x00000000d7d80000,0x00000000d7d80000,0x00000000d8280000)
 ParOldGen       total 87552K, used 39876K [0x0000000081600000, 0x0000000086b80000, 0x00000000d5d00000)
  object space 87552K, 45% used [0x0000000081600000,0x0000000083cf13a0,0x0000000086b80000)
 Metaspace       used 20367K, capacity 21162K, committed 21296K, reserved 1067008K
  class space    used 2965K, capacity 3156K, committed 3200K, reserved 1048576K
Event: 5.625 GC heap after
Heap after GC invocations=3 (full 0):
 PSYoungGen      total 38400K, used 5093K [0x00000000d5d00000, 0x00000000da800000, 0x0000000100000000)
  eden space 33280K, 0% used [0x00000000d5d00000,0x00000000d5d00000,0x00000000d7d80000)
  from space 5120K, 99% used [0x00000000d7d80000,0x00000000d8279530,0x00000000d8280000)
  to   space 5120K, 0% used [0x00000000da300000,0x00000000da300000,0x00000000da800000)
 ParOldGen       total 87552K, used 43066K [0x0000000081600000, 0x0000000086b80000, 0x00000000d5d00000)
  object space 87552K, 49% used [0x0000000081600000,0x000000008400e888,0x0000000086b80000)
 Metaspace       used 20367K, capacity 21162K, committed 21296K, reserved 1067008K
  class space    used 2965K, capacity 3156K, committed 3200K, reserved 1048576K
}
Event: 5.625 GC heap before
{Heap before GC invocations=4 (full 1):
 PSYoungGen      total 38400K, used 5093K [0x00000000d5d00000, 0x00000000da800000, 0x0000000100000000)
  eden space 33280K, 0% used [0x00000000d5d00000,0x00000000d5d00000,0x00000000d7d80000)
  from space 5120K, 99% used [0x00000000d7d80000,0x00000000d8279530,0x00000000d8280000)
  to   space 5120K, 0% used [0x00000000da300000,0x00000000da300000,0x00000000da800000)
 ParOldGen       total 87552K, used 43066K [0x0000000081600000, 0x0000000086b80000, 0x00000000d5d00000)
  object space 87552K, 49% used [0x0000000081600000,0x000000008400e888,0x0000000086b80000)
 Metaspace       used 20367K, capacity 21162K, committed 21296K, reserved 1067008K
  class space    used 2965K, capacity 3156K, committed 3200K, reserved 1048576K
Event: 5.642 GC heap after
Heap after GC invocations=4 (full 1):
 PSYoungGen      total 38400K, used 0K [0x00000000d5d00000, 0x00000000da800000, 0x0000000100000000)
  eden space 33280K, 0% used [0x00000000d5d00000,0x00000000d5d00000,0x00000000d7d80000)
  from space 5120K, 0% used [0x00000000d7d80000,0x00000000d7d80000,0x00000000d8280000)
  to   space 5120K, 0% used [0x00000000da300000,0x00000000da300000,0x00000000da800000)
 ParOldGen       total 114176K, used 45848K [0x0000000081600000, 0x0000000088580000, 0x00000000d5d00000)
  object space 114176K, 40% used [0x0000000081600000,0x00000000842c6150,0x0000000088580000)
 Metaspace       used 20367K, capacity 21162K, committed 21296K, reserved 1067008K
  class space    used 2965K, capacity 3156K, committed 3200K, reserved 1048576K
}
Event: 6.119 GC heap before
{Heap before GC invocations=5 (full 1):
 PSYoungGen      total 38400K, used 33280K [0x00000000d5d00000, 0x00000000da800000, 0x0000000100000000)
  eden space 33280K, 100% used [0x00000000d5d00000,0x00000000d7d80000,0x00000000d7d80000)
  from space 5120K, 0% used [0x00000000d7d80000,0x00000000d7d80000,0x00000000d8280000)
  to   space 5120K, 0% used [0x00000000da300000,0x00000000da300000,0x00000000da800000)
 ParOldGen       total 114176K, used 45848K [0x0000000081600000, 0x0000000088580000, 0x00000000d5d00000)
  object space 114176K, 40% used [0x0000000081600000,0x00000000842c6150,0x0000000088580000)
 Metaspace       used 27605K, capacity 28422K, committed 28672K, reserved 1073152K
  class space    used 3809K, capacity 4030K, committed 4096K, reserved 1048576K
Event: 6.123 GC heap after
Heap after GC invocations=5 (full 1):
 PSYoungGen      total 64000K, used 5111K [0x00000000d5d00000, 0x00000000da800000, 0x0000000100000000)
  eden space 58880K, 0% used [0x00000000d5d00000,0x00000000d5d00000,0x00000000d9680000)
  from space 5120K, 99% used [0x00000000da300000,0x00000000da7fdf58,0x00000000da800000)
  to   space 5120K, 0% used [0x00000000d9e00000,0x00000000d9e00000,0x00000000da300000)
 ParOldGen       total 114176K, used 48132K [0x0000000081600000, 0x0000000088580000, 0x00000000d5d00000)
  object space 114176K, 42% used [0x0000000081600000,0x0000000084501398,0x0000000088580000)
 Metaspace       used 27605K, capacity 28422K, committed 28672K, reserved 1073152K
  class space    used 3809K, capacity 4030K, committed 4096K, reserved 1048576K
}

