# JRE version: Java(TM) SE Runtime Environment (8.0_201-b09) (build 1.8.0_201-b09)
# Java VM: Java HotSpot(TM) 64-Bit Server VM (25.201-b09 mixed mode windows-amd64 compressed oops)
Heap:
 PSYoungGen      total 58368K, used 3860K [0x00000000d5d00000, 0x00000000da800000, 0x0000000100000000)
  eden space 53248K, 7% used [0x00000000d5d00000,0x00000000d60c5238,0x00000000d9100000)
  from space 5120K, 0% used [0x00000000d9e00000,0x00000000d9e00000,0x00000000da300000)
  to   space 5120K, 0% used [0x00000000da300000,0x00000000da300000,0x00000000da800000)
 ParOldGen       total 119808K, used 54633K [0x0000000081600000, 0x0000000088b00000, 0x00000000d5d00000)
  object space 119808K, 45% used [0x0000000081600000,0x0000000084b5a608,0x0000000088b00000)
 Metaspace       used 34496K, capacity 35994K, committed 36136K, reserved 1081344K
  class space    used 4807K, capacity 5104K, committed 5160K, reserved 1048576K
GC Heap History (10 events):
Event: 2.053 GC heap before
{Heap before GC invocations=3 (full 0):
 PSYoungGen      total 38400K, used 28224K [0x00000000d5d00000, 0x00000000d8780000, 0x0000000100000000)
  eden space 33280K, 69% used [0x00000000d5d00000,0x00000000d7394f88,0x00000000d7d80000)
  from space 5120K, 99% used [0x00000000d8280000,0x00000000d877b430,0x00000000d8780000)
  to   space 5120K, 0% used [0x00000000d7d80000,0x00000000d7d80000,0x00000000d8280000)
 ParOldGen       total 87552K, used 39896K [0x0000000081600000, 0x0000000086b80000, 0x00000000d5d00000)
  object space 87552K, 45% used [0x0000000081600000,0x0000000083cf63b0,0x0000000086b80000)
 Metaspace       used 20450K, capacity 21198K, committed 21296K, reserved 1067008K
  class space    used 2999K, capacity 3188K, committed 3200K, reserved 1048576K
Event: 2.058 GC heap after
Heap after GC invocations=3 (full 0):
 PSYoungGen      total 38400K, used 5109K [0x00000000d5d00000, 0x00000000da800000, 0x0000000100000000)
  eden space 33280K, 0% used [0x00000000d5d00000,0x00000000d5d00000,0x00000000d7d80000)
  from space 5120K, 99% used [0x00000000d7d80000,0x00000000d827d520,0x00000000d8280000)
  to   space 5120K, 0% used [0x00000000da300000,0x00000000da300000,0x00000000da800000)
 ParOldGen       total 87552K, used 43288K [0x0000000081600000, 0x0000000086b80000, 0x00000000d5d00000)
  object space 87552K, 49% used [0x0000000081600000,0x0000000084046278,0x0000000086b80000)
 Metaspace       used 20450K, capacity 21198K, committed 21296K, reserved 1067008K
  class space    used 2999K, capacity 3188K, committed 3200K, reserved 1048576K
}
Event: 2.058 GC heap before
{Heap before GC invocations=4 (full 1):
 PSYoungGen      total 38400K, used 5109K [0x00000000d5d00000, 0x00000000da800000, 0x0000000100000000)
  eden space 33280K, 0% used [0x00000000d5d00000,0x00000000d5d00000,0x00000000d7d80000)
  from space 5120K, 99% used [0x00000000d7d80000,0x00000000d827d520,0x00000000d8280000)
  to   space 5120K, 0% used [0x00000000da300000,0x00000000da300000,0x00000000da800000)
 ParOldGen       total 87552K, used 43288K [0x0000000081600000, 0x0000000086b80000, 0x00000000d5d00000)
  object space 87552K, 49% used [0x0000000081600000,0x0000000084046278,0x0000000086b80000)
 Metaspace       used 20450K, capacity 21198K, committed 21296K, reserved 1067008K
  class space    used 2999K, capacity 3188K, committed 3200K, reserved 1048576K
Event: 2.075 GC heap after
Heap after GC invocations=4 (full 1):
 PSYoungGen      total 38400K, used 0K [0x00000000d5d00000, 0x00000000da800000, 0x0000000100000000)
  eden space 33280K, 0% used [0x00000000d5d00000,0x00000000d5d00000,0x00000000d7d80000)
  from space 5120K, 0% used [0x00000000d7d80000,0x00000000d7d80000,0x00000000d8280000)
  to   space 5120K, 0% used [0x00000000da300000,0x00000000da300000,0x00000000da800000)
 ParOldGen       total 119808K, used 46080K [0x0000000081600000, 0x0000000088b00000, 0x00000000d5d00000)
  object space 119808K, 38% used [0x0000000081600000,0x0000000084300258,0x0000000088b00000)
 Metaspace       used 20450K, capacity 21198K, committed 21296K, reserved 1067008K
  class space    used 2999K, capacity 3188K, committed 3200K, reserved 1048576K
}
Event: 2.543 GC heap before
{Heap before GC invocations=5 (full 1):
 PSYoungGen      total 38400K, used 33280K [0x00000000d5d00000, 0x00000000da800000, 0x0000000100000000)
  eden space 33280K, 100% used [0x00000000d5d00000,0x00000000d7d80000,0x00000000d7d80000)
  from space 5120K, 0% used [0x00000000d7d80000,0x00000000d7d80000,0x00000000d8280000)
  to   space 5120K, 0% used [0x00000000da300000,0x00000000da300000,0x00000000da800000)
 ParOldGen       total 119808K, used 46080K [0x0000000081600000, 0x0000000088b00000, 0x00000000d5d00000)
  object space 119808K, 38% used [0x0000000081600000,0x0000000084300258,0x0000000088b00000)
 Metaspace       used 27758K, capacity 28586K, committed 28672K, reserved 1073152K
  class space    used 3848K, capacity 4062K, committed 4096K, reserved 1048576K
Event: 2.547 GC heap after
Heap after GC invocations=5 (full 1):
 PSYoungGen      total 58368K, used 5091K [0x00000000d5d00000, 0x00000000da800000, 0x0000000100000000)
  eden space 53248K, 0% used [0x00000000d5d00000,0x00000000d5d00000,0x00000000d9100000)
  from space 5120K, 99% used [0x00000000da300000,0x00000000da7f8d48,0x00000000da800000)
  to   space 5120K, 0% used [0x00000000d9e00000,0x00000000d9e00000,0x00000000da300000)
 ParOldGen       total 119808K, used 48355K [0x0000000081600000, 0x0000000088b00000, 0x00000000d5d00000)
  object space 119808K, 40% used [0x0000000081600000,0x0000000084538f68,0x0000000088b00000)
 Metaspace       used 27758K, capacity 28586K, committed 28672K, reserved 1073152K
  class space    used 3848K, capacity 4062K, committed 4096K, reserved 1048576K
}
Event: 15.420 GC heap before
{Heap before GC invocations=6 (full 1):
 PSYoungGen      total 58368K, used 46972K [0x00000000d5d00000, 0x00000000da800000, 0x0000000100000000)
  eden space 53248K, 78% used [0x00000000d5d00000,0x00000000d85e6548,0x00000000d9100000)
  from space 5120K, 99% used [0x00000000da300000,0x00000000da7f8d48,0x00000000da800000)
  to   space 5120K, 0% used [0x00000000d9e00000,0x00000000d9e00000,0x00000000da300000)
 ParOldGen       total 119808K, used 48355K [0x0000000081600000, 0x0000000088b00000, 0x00000000d5d00000)
  object space 119808K, 40% used [0x0000000081600000,0x0000000084538f68,0x0000000088b00000)
 Metaspace       used 34136K, capacity 35448K, committed 35496K, reserved 1079296K
  class space    used 4741K, capacity 5003K, committed 5032K, reserved 1048576K
Event: 15.426 GC heap after
Heap after GC invocations=6 (full 1):
 PSYoungGen      total 58368K, used 5088K [0x00000000d5d00000, 0x00000000da800000, 0x0000000100000000)
  eden space 53248K, 0% used [0x00000000d5d00000,0x00000000d5d00000,0x00000000d9100000)
  from space 5120K, 99% used [0x00000000d9e00000,0x00000000da2f8260,0x00000000da300000)
  to   space 5120K, 0% used [0x00000000da300000,0x00000000da300000,0x00000000da800000)
 ParOldGen       total 119808K, used 54402K [0x0000000081600000, 0x0000000088b00000, 0x00000000d5d00000)
  object space 119808K, 45% used [0x0000000081600000,0x0000000084b20a88,0x0000000088b00000)
 Metaspace       used 34136K, capacity 35448K, committed 35496K, reserved 1079296K
  class space    used 4741K, capacity 5003K, committed 5032K, reserved 1048576K
}
Event: 15.426 GC heap before
{Heap before GC invocations=7 (full 2):
 PSYoungGen      total 58368K, used 5088K [0x00000000d5d00000, 0x00000000da800000, 0x0000000100000000)
  eden space 53248K, 0% used [0x00000000d5d00000,0x00000000d5d00000,0x00000000d9100000)
  from space 5120K, 99% used [0x00000000d9e00000,0x00000000da2f8260,0x00000000da300000)
  to   space 5120K, 0% used [0x00000000da300000,0x00000000da300000,0x00000000da800000)
 ParOldGen       total 119808K, used 54402K [0x0000000081600000, 0x0000000088b00000, 0x00000000d5d00000)
  object space 119808K, 45% used [0x0000000081600000,0x0000000084b20a88,0x0000000088b00000)
 Metaspace       used 34136K, capacity 35448K, committed 35496K, reserved 1079296K
  class space    used 4741K, capacity 5003K, committed 5032K, reserved 1048576K
Event: 15.461 GC heap after
Heap after GC invocations=7 (full 2):
 PSYoungGen      total 58368K, used 0K [0x00000000d5d00000, 0x00000000da800000, 0x0000000100000000)
  eden space 53248K, 0% used [0x00000000d5d00000,0x00000000d5d00000,0x00000000d9100000)
  from space 5120K, 0% used [0x00000000d9e00000,0x00000000d9e00000,0x00000000da300000)
  to   space 5120K, 0% used [0x00000000da300000,0x00000000da300000,0x00000000da800000)
 ParOldGen       total 119808K, used 54633K [0x0000000081600000, 0x0000000088b00000, 0x00000000d5d00000)
  object space 119808K, 45% used [0x0000000081600000,0x0000000084b5a608,0x0000000088b00000)
 Metaspace       used 34136K, capacity 35448K, committed 35496K, reserved 1079296K
  class space    used 4741K, capacity 5003K, committed 5032K, reserved 1048576K
}

