# JRE version: Java(TM) SE Runtime Environment (8.0_201-b09) (build 1.8.0_201-b09)
# Java VM: Java HotSpot(TM) 64-Bit Server VM (25.201-b09 mixed mode windows-amd64 compressed oops)
Heap:
 PSYoungGen      total 38400K, used 3181K [0x00000000d5d00000, 0x00000000d8780000, 0x0000000100000000)
  eden space 33280K, 9% used [0x00000000d5d00000,0x00000000d601b490,0x00000000d7d80000)
  from space 5120K, 0% used [0x00000000d8280000,0x00000000d8280000,0x00000000d8780000)
  to   space 5120K, 0% used [0x00000000d7d80000,0x00000000d7d80000,0x00000000d8280000)
 ParOldGen       total 118272K, used 52085K [0x0000000081600000, 0x0000000088980000, 0x00000000d5d00000)
  object space 118272K, 44% used [0x0000000081600000,0x00000000848dd6f8,0x0000000088980000)
 Metaspace       used 34428K, capacity 35899K, committed 36136K, reserved 1081344K
  class space    used 4801K, capacity 5095K, committed 5160K, reserved 1048576K
GC Heap History (10 events):
Event: 34.673 GC heap before
{Heap before GC invocations=4 (full 1):
 PSYoungGen      total 38400K, used 5102K [0x00000000d5d00000, 0x00000000d8780000, 0x0000000100000000)
  eden space 33280K, 0% used [0x00000000d5d00000,0x00000000d5d00000,0x00000000d7d80000)
  from space 5120K, 99% used [0x00000000d7d80000,0x00000000d827b908,0x00000000d8280000)
  to   space 5120K, 0% used [0x00000000d8280000,0x00000000d8280000,0x00000000d8780000)
 ParOldGen       total 87552K, used 45542K [0x0000000081600000, 0x0000000086b80000, 0x00000000d5d00000)
  object space 87552K, 52% used [0x0000000081600000,0x0000000084279898,0x0000000086b80000)
 Metaspace       used 20456K, capacity 21198K, committed 21296K, reserved 1067008K
  class space    used 2999K, capacity 3188K, committed 3200K, reserved 1048576K
Event: 34.690 GC heap after
Heap after GC invocations=4 (full 1):
 PSYoungGen      total 38400K, used 0K [0x00000000d5d00000, 0x00000000d8780000, 0x0000000100000000)
  eden space 33280K, 0% used [0x00000000d5d00000,0x00000000d5d00000,0x00000000d7d80000)
  from space 5120K, 0% used [0x00000000d7d80000,0x00000000d7d80000,0x00000000d8280000)
  to   space 5120K, 0% used [0x00000000d8280000,0x00000000d8280000,0x00000000d8780000)
 ParOldGen       total 105984K, used 46072K [0x0000000081600000, 0x0000000087d80000, 0x00000000d5d00000)
  object space 105984K, 43% used [0x0000000081600000,0x00000000842fe188,0x0000000087d80000)
 Metaspace       used 20456K, capacity 21198K, committed 21296K, reserved 1067008K
  class space    used 2999K, capacity 3188K, committed 3200K, reserved 1048576K
}
Event: 35.407 GC heap before
{Heap before GC invocations=5 (full 1):
 PSYoungGen      total 38400K, used 33280K [0x00000000d5d00000, 0x00000000d8780000, 0x0000000100000000)
  eden space 33280K, 100% used [0x00000000d5d00000,0x00000000d7d80000,0x00000000d7d80000)
  from space 5120K, 0% used [0x00000000d7d80000,0x00000000d7d80000,0x00000000d8280000)
  to   space 5120K, 0% used [0x00000000d8280000,0x00000000d8280000,0x00000000d8780000)
 ParOldGen       total 105984K, used 46072K [0x0000000081600000, 0x0000000087d80000, 0x00000000d5d00000)
  object space 105984K, 43% used [0x0000000081600000,0x00000000842fe188,0x0000000087d80000)
 Metaspace       used 27773K, capacity 28522K, committed 28672K, reserved 1073152K
  class space    used 3844K, capacity 4062K, committed 4096K, reserved 1048576K
Event: 35.411 GC heap after
Heap after GC invocations=5 (full 1):
 PSYoungGen      total 38400K, used 5105K [0x00000000d5d00000, 0x00000000d8780000, 0x0000000100000000)
  eden space 33280K, 0% used [0x00000000d5d00000,0x00000000d5d00000,0x00000000d7d80000)
  from space 5120K, 99% used [0x00000000d8280000,0x00000000d877c4a0,0x00000000d8780000)
  to   space 5120K, 0% used [0x00000000d7d80000,0x00000000d7d80000,0x00000000d8280000)
 ParOldGen       total 105984K, used 48378K [0x0000000081600000, 0x0000000087d80000, 0x00000000d5d00000)
  object space 105984K, 45% used [0x0000000081600000,0x000000008453e980,0x0000000087d80000)
 Metaspace       used 27773K, capacity 28522K, committed 28672K, reserved 1073152K
  class space    used 3844K, capacity 4062K, committed 4096K, reserved 1048576K
}
Event: 37.001 GC heap before
{Heap before GC invocations=6 (full 1):
 PSYoungGen      total 38400K, used 38385K [0x00000000d5d00000, 0x00000000d8780000, 0x0000000100000000)
  eden space 33280K, 100% used [0x00000000d5d00000,0x00000000d7d80000,0x00000000d7d80000)
  from space 5120K, 99% used [0x00000000d8280000,0x00000000d877c4a0,0x00000000d8780000)
  to   space 5120K, 0% used [0x00000000d7d80000,0x00000000d7d80000,0x00000000d8280000)
 ParOldGen       total 105984K, used 48378K [0x0000000081600000, 0x0000000087d80000, 0x00000000d5d00000)
  object space 105984K, 45% used [0x0000000081600000,0x000000008453e980,0x0000000087d80000)
 Metaspace       used 32948K, capacity 34138K, committed 34304K, reserved 1079296K
  class space    used 4538K, capacity 4794K, committed 4864K, reserved 1048576K
Event: 37.007 GC heap after
Heap after GC invocations=6 (full 1):
 PSYoungGen      total 38400K, used 5088K [0x00000000d5d00000, 0x00000000d8780000, 0x0000000100000000)
  eden space 33280K, 0% used [0x00000000d5d00000,0x00000000d5d00000,0x00000000d7d80000)
  from space 5120K, 99% used [0x00000000d7d80000,0x00000000d8278260,0x00000000d8280000)
  to   space 5120K, 0% used [0x00000000d8280000,0x00000000d8280000,0x00000000d8780000)
 ParOldGen       total 105984K, used 53833K [0x0000000081600000, 0x0000000087d80000, 0x00000000d5d00000)
  object space 105984K, 50% used [0x0000000081600000,0x0000000084a92778,0x0000000087d80000)
 Metaspace       used 32948K, capacity 34138K, committed 34304K, reserved 1079296K
  class space    used 4538K, capacity 4794K, committed 4864K, reserved 1048576K
}
Event: 37.083 GC heap before
{Heap before GC invocations=7 (full 1):
 PSYoungGen      total 38400K, used 12176K [0x00000000d5d00000, 0x00000000d8780000, 0x0000000100000000)
  eden space 33280K, 21% used [0x00000000d5d00000,0x00000000d63ebed8,0x00000000d7d80000)
  from space 5120K, 99% used [0x00000000d7d80000,0x00000000d8278260,0x00000000d8280000)
  to   space 5120K, 0% used [0x00000000d8280000,0x00000000d8280000,0x00000000d8780000)
 ParOldGen       total 105984K, used 53833K [0x0000000081600000, 0x0000000087d80000, 0x00000000d5d00000)
  object space 105984K, 50% used [0x0000000081600000,0x0000000084a92778,0x0000000087d80000)
 Metaspace       used 34093K, capacity 35487K, committed 35496K, reserved 1079296K
  class space    used 4743K, capacity 5032K, committed 5032K, reserved 1048576K
Event: 37.087 GC heap after
Heap after GC invocations=7 (full 1):
 PSYoungGen      total 38400K, used 5104K [0x00000000d5d00000, 0x00000000d8780000, 0x0000000100000000)
  eden space 33280K, 0% used [0x00000000d5d00000,0x00000000d5d00000,0x00000000d7d80000)
  from space 5120K, 99% used [0x00000000d8280000,0x00000000d877c270,0x00000000d8780000)
  to   space 5120K, 0% used [0x00000000d7d80000,0x00000000d7d80000,0x00000000d8280000)
 ParOldGen       total 105984K, used 54417K [0x0000000081600000, 0x0000000087d80000, 0x00000000d5d00000)
  object space 105984K, 51% used [0x0000000081600000,0x0000000084b24778,0x0000000087d80000)
 Metaspace       used 34093K, capacity 35487K, committed 35496K, reserved 1079296K
  class space    used 4743K, capacity 5032K, committed 5032K, reserved 1048576K
}
Event: 37.087 GC heap before
{Heap before GC invocations=8 (full 2):
 PSYoungGen      total 38400K, used 5104K [0x00000000d5d00000, 0x00000000d8780000, 0x0000000100000000)
  eden space 33280K, 0% used [0x00000000d5d00000,0x00000000d5d00000,0x00000000d7d80000)
  from space 5120K, 99% used [0x00000000d8280000,0x00000000d877c270,0x00000000d8780000)
  to   space 5120K, 0% used [0x00000000d7d80000,0x00000000d7d80000,0x00000000d8280000)
 ParOldGen       total 105984K, used 54417K [0x0000000081600000, 0x0000000087d80000, 0x00000000d5d00000)
  object space 105984K, 51% used [0x0000000081600000,0x0000000084b24778,0x0000000087d80000)
 Metaspace       used 34093K, capacity 35487K, committed 35496K, reserved 1079296K
  class space    used 4743K, capacity 5032K, committed 5032K, reserved 1048576K
Event: 37.127 GC heap after
Heap after GC invocations=8 (full 2):
 PSYoungGen      total 38400K, used 0K [0x00000000d5d00000, 0x00000000d8780000, 0x0000000100000000)
  eden space 33280K, 0% used [0x00000000d5d00000,0x00000000d5d00000,0x00000000d7d80000)
  from space 5120K, 0% used [0x00000000d8280000,0x00000000d8280000,0x00000000d8780000)
  to   space 5120K, 0% used [0x00000000d7d80000,0x00000000d7d80000,0x00000000d8280000)
 ParOldGen       total 118272K, used 52085K [0x0000000081600000, 0x0000000088980000, 0x00000000d5d00000)
  object space 118272K, 44% used [0x0000000081600000,0x00000000848dd6f8,0x0000000088980000)
 Metaspace       used 34093K, capacity 35487K, committed 35496K, reserved 1079296K
  class space    used 4743K, capacity 5032K, committed 5032K, reserved 1048576K
}

